<?xml version="1.0" encoding="UTF-8"?>
<!-- Generated by org.testng.reporters.JUnitXMLReporter -->
<testsuite hostname="AQMIT-DSK-10162" ignored="0" name="NSETest" tests="1" failures="0" timestamp="18 Dec 2017 13:13:47 GMT" time="1.232" errors="0">
  <testcase name="@AfterMethod getResult" time="0.0" classname="com.NSE.TestRunner">
    <failure type="java.lang.NullPointerException">
      <![CDATA[java.lang.NullPointerException
	at com.NSE.TestRunner.getResult(TestRunner.java:84)
... Removed 27 stack frames]]>
    </failure>
  </testcase> <!-- @AfterMethod getResult -->
  <testcase name="@AfterTest endReport" time="0.0" classname="com.NSE.TestRunner">
    <skipped/>
  </testcase> <!-- @AfterTest endReport -->
  <testcase name="test" time="1.081" classname="com.NSE.TestRunner"/>
</testsuite> <!-- NSETest -->
